2025-08-26 20:51:09,243 [Worker-4: Loading available Gradle versions] INFO  o.e.b.c.i.u.g.PublishedGradleVersions - Gradle version information cache is not available. Remote download required.
2025-08-26 20:56:55,176 [Worker-11: Building] INFO  o.e.m.c.i.l.LifecycleMappingFactory - Using org.eclipse.m2e.jdt.JarLifecycleMapping lifecycle mapping for MavenProject: com.example:1-naming-server:0.0.1-SNAPSHOT @ C:\Users\DELL\Desktop\jbdl-83-main\codebase\Major Prject\1-naming-server\pom.xml.
2025-08-26 20:57:21,526 [Worker-11: Building] INFO  o.a.m.s.f.DefaultMavenResourcesFiltering - Copying 1 resource from src\main\resources to target\classes
2025-08-26 20:57:21,554 [Worker-11: Building] INFO  o.a.m.s.f.DefaultMavenResourcesFiltering - Copying 0 resource from src\main\resources to target\classes
2025-08-26 20:57:21,562 [Worker-11: Building] INFO  o.a.m.s.f.DefaultMavenResourcesFiltering - Copying 0 resource from src\test\resources to target\test-classes
2025-08-26 20:57:22,026 [Worker-11: Updating Maven Project] INFO  o.e.m.c.i.p.ProjectConfigurationManager - Update started
2025-08-26 20:57:29,914 [Worker-11: Updating Maven Project] INFO  o.e.m.c.i.l.LifecycleMappingFactory - Using org.eclipse.m2e.jdt.JarLifecycleMapping lifecycle mapping for MavenProject: com.example:1-naming-server:0.0.1-SNAPSHOT @ C:\Users\DELL\Desktop\jbdl-83-main\codebase\Major Prject\1-naming-server\pom.xml.
2025-08-26 20:57:33,851 [Worker-11: Updating Maven Project] INFO  o.e.m.c.i.l.LifecycleMappingFactory - Using org.eclipse.m2e.jdt.JarLifecycleMapping lifecycle mapping for MavenProject: com.example:2-user-service:0.0.1-SNAPSHOT @ C:\Users\DELL\Desktop\jbdl-83-main\codebase\Major Prject\2-user-service\pom.xml.
2025-08-26 20:57:40,652 [Worker-11: Updating Maven Project] INFO  o.e.m.c.i.l.LifecycleMappingFactory - Using org.eclipse.m2e.jdt.JarLifecycleMapping lifecycle mapping for MavenProject: com.example:3-wallet-service:0.0.1-SNAPSHOT @ C:\Users\DELL\Desktop\jbdl-83-main\codebase\Major Prject\3-wallet-service\pom.xml.
2025-08-26 20:57:42,535 [Worker-11: Updating Maven Project] INFO  o.e.m.c.i.l.LifecycleMappingFactory - Using org.eclipse.m2e.jdt.JarLifecycleMapping lifecycle mapping for MavenProject: com.example:4-transaction-service:0.0.1-SNAPSHOT @ C:\Users\DELL\Desktop\jbdl-83-main\codebase\Major Prject\4-transaction-service\pom.xml.
2025-08-26 20:57:42,848 [Worker-11: Updating Maven Project] INFO  o.e.m.c.i.p.WorkspaceClassifierResolverManager - Resolving P/3-wallet-service: com.example:3-wallet-service:0.0.1-SNAPSHOT with classifier  to /3-wallet-service/target/classes
2025-08-26 20:57:42,849 [Worker-11: Updating Maven Project] INFO  o.e.m.c.i.p.WorkspaceClassifierResolverManager - Resolving P/7-wallet-notification: com.example:7-wallet-notification:0.0.1-SNAPSHOT with classifier  to /7-wallet-notification/target/classes
2025-08-26 20:57:42,959 [Worker-11: Updating Maven Project] INFO  o.e.m.c.i.l.LifecycleMappingFactory - Using org.eclipse.m2e.jdt.JarLifecycleMapping lifecycle mapping for MavenProject: com.example:5-gate-way:0.0.1-SNAPSHOT @ C:\Users\DELL\Desktop\jbdl-83-main\codebase\Major Prject\5-gate-way\pom.xml.
2025-08-26 20:57:44,824 [Worker-11: Updating Maven Project] INFO  o.e.m.c.i.l.LifecycleMappingFactory - Using org.eclipse.m2e.jdt.JarLifecycleMapping lifecycle mapping for MavenProject: com.example:6-spring-cloud-config-server:0.0.1-SNAPSHOT @ C:\Users\DELL\Desktop\jbdl-83-main\codebase\Major Prject\6-spring-cloud-config-server\pom.xml.
2025-08-26 20:57:45,921 [Worker-11: Updating Maven Project] INFO  o.e.m.c.i.l.LifecycleMappingFactory - Using org.eclipse.m2e.jdt.JarLifecycleMapping lifecycle mapping for MavenProject: com.example:7-wallet-notification:0.0.1-SNAPSHOT @ C:\Users\DELL\Desktop\jbdl-83-main\codebase\Major Prject\7-wallet-notification\pom.xml.
2025-08-26 20:57:48,025 [Worker-11: Updating Maven Project] INFO  o.e.m.c.i.l.LifecycleMappingFactory - Using org.eclipse.m2e.jdt.JarLifecycleMapping lifecycle mapping for MavenProject: com.example:4-transaction-service:0.0.1-SNAPSHOT @ C:\Users\DELL\Desktop\jbdl-83-main\codebase\Major Prject\4-transaction-service\pom.xml.
2025-08-26 20:57:48,160 [Worker-11: Updating Maven Project] INFO  o.e.m.c.i.p.WorkspaceClassifierResolverManager - Resolving P/3-wallet-service: com.example:3-wallet-service:0.0.1-SNAPSHOT with classifier  to /3-wallet-service/target/classes
2025-08-26 20:57:48,160 [Worker-11: Updating Maven Project] INFO  o.e.m.c.i.p.WorkspaceClassifierResolverManager - Resolving P/7-wallet-notification: com.example:7-wallet-notification:0.0.1-SNAPSHOT with classifier  to /7-wallet-notification/target/classes
2025-08-26 20:58:26,804 [Worker-11: Updating Maven Project] INFO  o.e.m.j.i.AbstractJavaProjectConfigurator - Adding source folder /1-naming-server/src/main/java
2025-08-26 20:58:26,811 [Worker-11: Updating Maven Project] INFO  o.e.m.j.i.AbstractJavaProjectConfigurator - Adding resource folder /1-naming-server/src/main/resources
2025-08-26 20:58:26,813 [Worker-11: Updating Maven Project] INFO  o.e.m.j.i.AbstractJavaProjectConfigurator - Adding resource folder /1-naming-server/src/main/resources
2025-08-26 20:58:26,815 [Worker-11: Updating Maven Project] INFO  o.e.m.j.i.AbstractJavaProjectConfigurator - Adding source folder /1-naming-server/src/test/java
2025-08-26 20:58:26,818 [Worker-11: Updating Maven Project] INFO  o.e.m.j.i.AbstractJavaProjectConfigurator - Adding resource folder /1-naming-server/src/test/resources
2025-08-26 20:58:27,637 [Worker-11: Updating Maven Project] INFO  o.e.m.j.i.AbstractJavaProjectConfigurator - Adding source folder /2-user-service/src/main/java
2025-08-26 20:58:27,639 [Worker-11: Updating Maven Project] INFO  o.e.m.j.i.AbstractJavaProjectConfigurator - Adding resource folder /2-user-service/src/main/resources
2025-08-26 20:58:27,639 [Worker-11: Updating Maven Project] INFO  o.e.m.j.i.AbstractJavaProjectConfigurator - Adding resource folder /2-user-service/src/main/resources
2025-08-26 20:58:27,640 [Worker-11: Updating Maven Project] INFO  o.e.m.j.i.AbstractJavaProjectConfigurator - Adding source folder /2-user-service/src/test/java
2025-08-26 20:58:27,641 [Worker-11: Updating Maven Project] INFO  o.e.m.j.i.AbstractJavaProjectConfigurator - Adding resource folder /2-user-service/src/test/resources
2025-08-26 20:58:28,866 [Worker-11: Updating Maven Project] INFO  o.e.m.j.i.AbstractJavaProjectConfigurator - Adding source folder /3-wallet-service/src/main/java
2025-08-26 20:58:28,868 [Worker-11: Updating Maven Project] INFO  o.e.m.j.i.AbstractJavaProjectConfigurator - Adding resource folder /3-wallet-service/src/main/resources
2025-08-26 20:58:28,870 [Worker-11: Updating Maven Project] INFO  o.e.m.j.i.AbstractJavaProjectConfigurator - Adding resource folder /3-wallet-service/src/main/resources
2025-08-26 20:58:28,871 [Worker-11: Updating Maven Project] INFO  o.e.m.j.i.AbstractJavaProjectConfigurator - Adding source folder /3-wallet-service/src/test/java
2025-08-26 20:58:28,873 [Worker-11: Updating Maven Project] INFO  o.e.m.j.i.AbstractJavaProjectConfigurator - Adding resource folder /3-wallet-service/src/test/resources
2025-08-26 20:58:29,941 [Worker-11: Updating Maven Project] INFO  o.e.m.j.i.AbstractJavaProjectConfigurator - Adding source folder /4-transaction-service/src/main/java
2025-08-26 20:58:29,942 [Worker-11: Updating Maven Project] INFO  o.e.m.j.i.AbstractJavaProjectConfigurator - Adding resource folder /4-transaction-service/src/main/resources
2025-08-26 20:58:29,944 [Worker-11: Updating Maven Project] INFO  o.e.m.j.i.AbstractJavaProjectConfigurator - Adding resource folder /4-transaction-service/src/main/resources
2025-08-26 20:58:29,945 [Worker-11: Updating Maven Project] INFO  o.e.m.j.i.AbstractJavaProjectConfigurator - Adding source folder /4-transaction-service/src/test/java
2025-08-26 20:58:29,948 [Worker-11: Updating Maven Project] INFO  o.e.m.j.i.AbstractJavaProjectConfigurator - Adding resource folder /4-transaction-service/src/test/resources
2025-08-26 20:58:31,367 [Worker-11: Updating Maven Project] INFO  o.e.m.j.i.AbstractJavaProjectConfigurator - Adding source folder /5-gate-way/src/main/java
2025-08-26 20:58:31,369 [Worker-11: Updating Maven Project] INFO  o.e.m.j.i.AbstractJavaProjectConfigurator - Adding resource folder /5-gate-way/src/main/resources
2025-08-26 20:58:31,372 [Worker-11: Updating Maven Project] INFO  o.e.m.j.i.AbstractJavaProjectConfigurator - Adding resource folder /5-gate-way/src/main/resources
2025-08-26 20:58:31,372 [Worker-11: Updating Maven Project] INFO  o.e.m.j.i.AbstractJavaProjectConfigurator - Adding source folder /5-gate-way/src/test/java
2025-08-26 20:58:31,373 [Worker-11: Updating Maven Project] INFO  o.e.m.j.i.AbstractJavaProjectConfigurator - Adding resource folder /5-gate-way/src/test/resources
2025-08-26 20:58:32,019 [Worker-11: Updating Maven Project] INFO  o.e.m.j.i.AbstractJavaProjectConfigurator - Adding source folder /6-spring-cloud-config-server/src/main/java
2025-08-26 20:58:32,022 [Worker-11: Updating Maven Project] INFO  o.e.m.j.i.AbstractJavaProjectConfigurator - Adding resource folder /6-spring-cloud-config-server/src/main/resources
2025-08-26 20:58:32,023 [Worker-11: Updating Maven Project] INFO  o.e.m.j.i.AbstractJavaProjectConfigurator - Adding resource folder /6-spring-cloud-config-server/src/main/resources
2025-08-26 20:58:32,024 [Worker-11: Updating Maven Project] INFO  o.e.m.j.i.AbstractJavaProjectConfigurator - Adding source folder /6-spring-cloud-config-server/src/test/java
2025-08-26 20:58:32,025 [Worker-11: Updating Maven Project] INFO  o.e.m.j.i.AbstractJavaProjectConfigurator - Adding resource folder /6-spring-cloud-config-server/src/test/resources
2025-08-26 20:58:32,888 [Worker-11: Updating Maven Project] INFO  o.e.m.j.i.AbstractJavaProjectConfigurator - Adding source folder /7-wallet-notification/src/main/java
2025-08-26 20:58:32,889 [Worker-11: Updating Maven Project] INFO  o.e.m.j.i.AbstractJavaProjectConfigurator - Adding resource folder /7-wallet-notification/src/main/resources
2025-08-26 20:58:32,890 [Worker-11: Updating Maven Project] INFO  o.e.m.j.i.AbstractJavaProjectConfigurator - Adding resource folder /7-wallet-notification/src/main/resources
2025-08-26 20:58:32,891 [Worker-11: Updating Maven Project] INFO  o.e.m.j.i.AbstractJavaProjectConfigurator - Adding source folder /7-wallet-notification/src/test/java
2025-08-26 20:58:32,893 [Worker-11: Updating Maven Project] INFO  o.e.m.j.i.AbstractJavaProjectConfigurator - Adding resource folder /7-wallet-notification/src/test/resources
2025-08-26 20:58:33,859 [Worker-11: Updating Maven Project] INFO  o.e.m.c.i.p.ProjectConfigurationManager - Update completed for 7 poms: local refresh takes 0.00 sec, refresh facades takes 64.00 sec, update config takes 6.00 sec 
2025-08-26 20:58:34,471 [Worker-2: Building] INFO  o.a.m.s.f.DefaultMavenResourcesFiltering - Copying 1 resource from src\main\resources to target\classes
2025-08-26 20:58:34,494 [Worker-2: Building] INFO  o.a.m.s.f.DefaultMavenResourcesFiltering - Copying 0 resource from src\main\resources to target\classes
2025-08-26 20:58:34,507 [Worker-2: Building] INFO  o.a.m.s.f.DefaultMavenResourcesFiltering - Copying 0 resource from src\test\resources to target\test-classes
2025-08-26 20:58:35,582 [Worker-2: Building] INFO  o.a.m.s.f.DefaultMavenResourcesFiltering - Copying 1 resource from src\main\resources to target\classes
2025-08-26 20:58:35,626 [Worker-2: Building] INFO  o.a.m.s.f.DefaultMavenResourcesFiltering - Copying 1 resource from src\main\resources to target\classes
2025-08-26 20:58:35,639 [Worker-2: Building] INFO  o.a.m.s.f.DefaultMavenResourcesFiltering - Copying 0 resource from src\test\resources to target\test-classes
2025-08-26 20:58:37,063 [Worker-2: Building] INFO  o.a.m.s.f.DefaultMavenResourcesFiltering - Copying 1 resource from src\main\resources to target\classes
2025-08-26 20:58:37,104 [Worker-2: Building] INFO  o.a.m.s.f.DefaultMavenResourcesFiltering - Copying 0 resource from src\main\resources to target\classes
2025-08-26 20:58:37,113 [Worker-2: Building] INFO  o.a.m.s.f.DefaultMavenResourcesFiltering - Copying 0 resource from src\test\resources to target\test-classes
2025-08-26 20:58:37,364 [Worker-2: Building] INFO  o.a.m.s.f.DefaultMavenResourcesFiltering - Copying 1 resource from src\main\resources to target\classes
2025-08-26 20:58:37,423 [Worker-2: Building] INFO  o.a.m.s.f.DefaultMavenResourcesFiltering - Copying 0 resource from src\main\resources to target\classes
2025-08-26 20:58:37,431 [Worker-2: Building] INFO  o.a.m.s.f.DefaultMavenResourcesFiltering - skip non existing resourceDirectory C:\Users\DELL\Desktop\jbdl-83-main\codebase\Major Prject\4-transaction-service\src\test\resources
2025-08-26 20:58:37,790 [Worker-2: Building] INFO  o.a.m.s.f.DefaultMavenResourcesFiltering - Copying 1 resource from src\main\resources to target\classes
2025-08-26 20:58:37,826 [Worker-2: Building] INFO  o.a.m.s.f.DefaultMavenResourcesFiltering - Copying 0 resource from src\main\resources to target\classes
2025-08-26 20:58:37,837 [Worker-2: Building] INFO  o.a.m.s.f.DefaultMavenResourcesFiltering - skip non existing resourceDirectory C:\Users\DELL\Desktop\jbdl-83-main\codebase\Major Prject\5-gate-way\src\test\resources
2025-08-26 20:58:38,091 [Worker-2: Building] INFO  o.a.m.s.f.DefaultMavenResourcesFiltering - Copying 1 resource from src\main\resources to target\classes
2025-08-26 20:58:38,122 [Worker-2: Building] INFO  o.a.m.s.f.DefaultMavenResourcesFiltering - Copying 0 resource from src\main\resources to target\classes
2025-08-26 20:58:38,129 [Worker-2: Building] INFO  o.a.m.s.f.DefaultMavenResourcesFiltering - skip non existing resourceDirectory C:\Users\DELL\Desktop\jbdl-83-main\codebase\Major Prject\6-spring-cloud-config-server\src\test\resources
2025-08-26 20:58:38,465 [Worker-2: Building] INFO  o.a.m.s.f.DefaultMavenResourcesFiltering - Copying 1 resource from src\main\resources to target\classes
2025-08-26 20:58:38,487 [Worker-2: Building] INFO  o.a.m.s.f.DefaultMavenResourcesFiltering - Copying 0 resource from src\main\resources to target\classes
2025-08-26 20:58:38,492 [Worker-2: Building] INFO  o.a.m.s.f.DefaultMavenResourcesFiltering - skip non existing resourceDirectory C:\Users\DELL\Desktop\jbdl-83-main\codebase\Major Prject\7-wallet-notification\src\test\resources
2025-08-26 20:58:57,084 [Worker-16: Building] INFO  o.a.m.s.f.DefaultMavenResourcesFiltering - Copying 1 resource from src\main\resources to target\classes
2025-08-26 20:58:57,093 [Worker-16: Building] INFO  o.a.m.s.f.DefaultMavenResourcesFiltering - Copying 0 resource from src\main\resources to target\classes
2025-08-26 20:58:57,100 [Worker-16: Building] INFO  o.a.m.s.f.DefaultMavenResourcesFiltering - skip non existing resourceDirectory C:\Users\DELL\Desktop\jbdl-83-main\codebase\Major Prject\4-transaction-service\src\test\resources
2025-08-26 21:01:56,415 [Worker-2: Launching 4-transaction-service - Application] INFO  o.e.m.c.i.p.WorkspaceClassifierResolverManager - Resolving P/3-wallet-service: com.example:3-wallet-service:0.0.1-SNAPSHOT with classifier null to /3-wallet-service/target/classes
2025-08-26 21:01:56,418 [Worker-2: Launching 4-transaction-service - Application] INFO  o.e.m.c.i.p.WorkspaceClassifierResolverManager - Resolving P/7-wallet-notification: com.example:7-wallet-notification:0.0.1-SNAPSHOT with classifier null to /7-wallet-notification/target/classes
2025-08-26 21:01:57,128 [Worker-2: Launching 4-transaction-service - Application] INFO  o.e.m.c.i.p.WorkspaceClassifierResolverManager - Resolving P/3-wallet-service: com.example:3-wallet-service:0.0.1-SNAPSHOT with classifier null to /3-wallet-service/target/classes
2025-08-26 21:01:57,130 [Worker-2: Launching 4-transaction-service - Application] INFO  o.e.m.c.i.p.WorkspaceClassifierResolverManager - Resolving P/7-wallet-notification: com.example:7-wallet-notification:0.0.1-SNAPSHOT with classifier null to /7-wallet-notification/target/classes
2025-08-26 21:01:57,831 [Worker-2: Launching 4-transaction-service - Application] INFO  o.e.m.c.i.p.WorkspaceClassifierResolverManager - Resolving P/3-wallet-service: com.example:3-wallet-service:0.0.1-SNAPSHOT with classifier null to /3-wallet-service/target/classes
2025-08-26 21:01:57,833 [Worker-2: Launching 4-transaction-service - Application] INFO  o.e.m.c.i.p.WorkspaceClassifierResolverManager - Resolving P/7-wallet-notification: com.example:7-wallet-notification:0.0.1-SNAPSHOT with classifier null to /7-wallet-notification/target/classes
2025-08-27 15:20:49,446 [Worker-6: Loading available Gradle versions] INFO  o.e.b.c.i.u.g.PublishedGradleVersions - Gradle version information cache is up-to-date. Trying to read.
2025-09-06 23:07:23,169 [Worker-1: Loading available Gradle versions] INFO  o.e.b.c.i.u.g.PublishedGradleVersions - Gradle version information cache is out-of-date. Trying to update.
